TN:
SF:src/App.vue
FN:1,(anonymous_0)
FNF:1
FNH:1
FNDA:1,(anonymous_0)
DA:1,6
LF:1
LH:1
BRF:0
BRH:0
end_of_record
TN:
SF:src/components/NavigationBar.vue
FN:1,(anonymous_0)
FNF:1
FNH:1
FNDA:2,(anonymous_0)
DA:1,12
LF:1
LH:1
BRF:0
BRH:0
end_of_record
TN:
SF:src/components/QuizContainer.vue
FN:1,(anonymous_0)
FNF:1
FNH:1
FNDA:26,(anonymous_0)
DA:1,84
LF:1
LH:1
BRF:0
BRH:0
end_of_record
TN:
SF:src/views/HomeView.vue
FN:1,(anonymous_0)
FNF:1
FNH:1
FNDA:5,(anonymous_0)
DA:1,18
LF:1
LH:1
BRDA:1,0,0,2
BRDA:1,0,1,8
BRF:2
BRH:2
end_of_record
TN:
SF:src/views/QuestionView.vue
FN:1,(anonymous_0)
FNF:1
FNH:1
FNDA:97,(anonymous_0)
DA:1,150
LF:1
LH:1
BRDA:1,0,0,14
BRDA:1,0,1,11
BRF:2
BRH:2
end_of_record
TN:
SF:src/views/ResultView.vue
FN:1,(anonymous_0)
FNF:1
FNH:1
FNDA:1,(anonymous_0)
DA:1,6
LF:1
LH:1
BRF:0
BRH:0
end_of_record
